Fetching registry information from https://github.com/microsoft/vcpkg (HEAD)...
Detecting compiler hash for triplet x64-windows...
A suitable version of powershell-core was not found (required v7.2.24).
Downloading PowerShell-7.2.24-win-x64.zip
Successfully downloaded PowerShell-7.2.24-win-x64.zip.
Extracting powershell-core...
A suitable version of 7zip was not found (required v24.9.0).
Downloading 7z2409.7z.exe
Successfully downloaded 7z2409.7z.exe.
Extracting 7zip...
A suitable version of 7zr was not found (required v24.9.0).
Downloading 44d8504a-7zr.exe
Successfully downloaded 44d8504a-7zr.exe.
Compiler found: C:/Program Files/Microsoft Visual Studio/2022/Community/VC/Tools/MSVC/14.42.34433/bin/Hostx64/x64/cl.exe
The following packages will be built and installed:
  * brotli:x64-windows@1.1.0#1 -- C:\Users\y.canera\AppData\Local\vcpkg\registries\git-trees\4e5b5ae1ad26c80535c893cc0307121f0398549e
  * bzip2[core,tool]:x64-windows@1.0.8#6 -- C:\Users\y.canera\AppData\Local\vcpkg\registries\git-trees\2d029da682847c5ebdc54e4dbea001331a02207e
  * egl-registry:x64-windows@2024-01-25 -- C:\Users\y.canera\AppData\Local\vcpkg\registries\git-trees\d883db43133dd223c4ffdbef4193943f6784d43a
  * freetype[brotli,bzip2,core,png,zlib]:x64-windows@2.13.3 -- C:\Users\y.canera\AppData\Local\vcpkg\registries\git-trees\8a2c633dcc14eaabdb31cf4637242f4e3c2f3fa2
  * libflac[core,stack-protector]:x64-windows@1.4.3#2 -- C:\Users\y.canera\AppData\Local\vcpkg\registries\git-trees\a92a3397dfb70e6eec94fab7b3665a1288d9f7bd
  * libogg:x64-windows@1.3.5#1 -- C:\Users\y.canera\AppData\Local\vcpkg\registries\git-trees\98e27727c32704393494d32615c25b7b16eb3067
  * libpng:x64-windows@1.6.44 -- C:\Users\y.canera\AppData\Local\vcpkg\registries\git-trees\bda480fe3c3cef1113fe8bfdecda127a5b3b2a77
  * libvorbis:x64-windows@1.3.7#3 -- C:\Users\y.canera\AppData\Local\vcpkg\registries\git-trees\23d11198ff2df7a3af54f1c4645ef71a141f2a85
  * openal-soft:x64-windows@1.24.1 -- C:\Users\y.canera\AppData\Local\vcpkg\registries\git-trees\a204aed6d6c40cb7978806f705a7bde193b275e6
  * opengl:x64-windows@2022-12-04#3 -- C:\Users\y.canera\AppData\Local\vcpkg\registries\git-trees\c3ae71738f88449ebcd781cef60d9a253fa091d4
  * opengl-registry:x64-windows@2024-02-10#1 -- C:\Users\y.canera\AppData\Local\vcpkg\registries\git-trees\22f7aa58ee78c9f0db904b6251e9265f2be26f9d
    sfml[audio,core,graphics,network,window]:x64-windows@2.6.2 -- C:\Users\y.canera\AppData\Local\vcpkg\registries\git-trees\16580cf264c6a8933fb657e425a5866568d4c394
  * stb:x64-windows@2024-07-29#1 -- C:\Users\y.canera\AppData\Local\vcpkg\registries\git-trees\c362152d1d02973e7b1ce777960f8a6876656560
  * vcpkg-cmake:x64-windows@2024-04-23 -- C:\Users\y.canera\AppData\Local\vcpkg\registries\git-trees\e74aa1e8f93278a8e71372f1fa08c3df420eb840
  * vcpkg-cmake-config:x64-windows@2024-05-23 -- C:\Users\y.canera\AppData\Local\vcpkg\registries\git-trees\97a63e4bc1a17422ffe4eff71da53b4b561a7841
  * zlib:x64-windows@1.3.1 -- C:\Users\y.canera\AppData\Local\vcpkg\registries\git-trees\3f05e04b9aededb96786a911a16193cdb711f0c9
Additional packages (*) will be modified to complete this operation.
Restored 0 package(s) from C:\Users\y.canera\AppData\Local\vcpkg\archives in 221 us. Use --debug to see more details.
Installing 1/16 egl-registry:x64-windows@2024-01-25...
Building egl-registry:x64-windows@2024-01-25...
C:\Users\y.canera\AppData\Local\vcpkg\registries\git-trees\d883db43133dd223c4ffdbef4193943f6784d43a: info: installing overlay port from here
Downloading KhronosGroup-EGL-Registry-7db3005d4c2cb439f129a0adc931f3274f9019e6.tar.gz
Successfully downloaded KhronosGroup-EGL-Registry-7db3005d4c2cb439f129a0adc931f3274f9019e6.tar.gz.
-- Extracting source C:/Users/y.canera/vcpkg/downloads/KhronosGroup-EGL-Registry-7db3005d4c2cb439f129a0adc931f3274f9019e6.tar.gz
-- Using source at C:/Users/y.canera/vcpkg/buildtrees/egl-registry/src/274f9019e6-49d6bdb34a.clean
-- Installing: C:/Users/y.canera/vcpkg/packages/egl-registry_x64-windows/share/egl-registry/copyright
-- Performing post-build validation
Stored binaries in 1 destinations in 42.2 ms.
Elapsed time to handle egl-registry:x64-windows: 12 s
egl-registry:x64-windows package ABI: 4916697a2ec1749c7aacd955e133aecee04e6f0c06a2452af43fbf933c691959
Installing 2/16 opengl-registry:x64-windows@2024-02-10#1...
Building opengl-registry:x64-windows@2024-02-10#1...
C:\Users\y.canera\AppData\Local\vcpkg\registries\git-trees\22f7aa58ee78c9f0db904b6251e9265f2be26f9d: info: installing overlay port from here
Downloading KhronosGroup-OpenGL-Registry-3530768138c5ba3dfbb2c43c830493f632f7ea33.tar.gz
Successfully downloaded KhronosGroup-OpenGL-Registry-3530768138c5ba3dfbb2c43c830493f632f7ea33.tar.gz.
-- Extracting source C:/Users/y.canera/vcpkg/downloads/KhronosGroup-OpenGL-Registry-3530768138c5ba3dfbb2c43c830493f632f7ea33.tar.gz
-- Using source at C:/Users/y.canera/vcpkg/buildtrees/opengl-registry/src/f632f7ea33-4952f9ace9.clean
-- Installing: C:/Users/y.canera/vcpkg/packages/opengl-registry_x64-windows/share/opengl-registry/copyright
-- Performing post-build validation
Stored binaries in 1 destinations in 206 ms.
Elapsed time to handle opengl-registry:x64-windows: 1.4 min
opengl-registry:x64-windows package ABI: e524db052de91e64a96a3dab51529a0368502e55716a207f5361e4b2b46726e2
Installing 3/16 opengl:x64-windows@2022-12-04#3...
Building opengl:x64-windows@2022-12-04#3...
C:\Users\y.canera\AppData\Local\vcpkg\registries\git-trees\c3ae71738f88449ebcd781cef60d9a253fa091d4: info: installing overlay port from here
-- Installing: C:/Users/y.canera/vcpkg/packages/opengl_x64-windows/include/GL/gl.h
-- Installing: C:/Users/y.canera/vcpkg/packages/opengl_x64-windows/include/GL/glu.h
-- Installing: C:/Users/y.canera/vcpkg/packages/opengl_x64-windows/lib/OpenGL32.Lib
-- Installing: C:/Users/y.canera/vcpkg/packages/opengl_x64-windows/lib/GlU32.Lib
-- Installing: C:/Users/y.canera/vcpkg/packages/opengl_x64-windows/debug/lib/OpenGL32.Lib
-- Installing: C:/Users/y.canera/vcpkg/packages/opengl_x64-windows/debug/lib/GlU32.Lib
-- Fixing pkgconfig file: C:/Users/y.canera/vcpkg/packages/opengl_x64-windows/lib/pkgconfig/glu.pc
-- Fixing pkgconfig file: C:/Users/y.canera/vcpkg/packages/opengl_x64-windows/lib/pkgconfig/opengl.pc
Downloading msys2-mingw-w64-x86_64-pkgconf-1~2.3.0-1-any.pkg.tar.zst
warning: Download failed -- retrying after 1000ms
Successfully downloaded msys2-mingw-w64-x86_64-pkgconf-1~2.3.0-1-any.pkg.tar.zst.
Downloading msys2-msys2-runtime-3.5.4-2-x86_64.pkg.tar.zst
Successfully downloaded msys2-msys2-runtime-3.5.4-2-x86_64.pkg.tar.zst.
-- Using msys root at C:/Users/y.canera/vcpkg/downloads/tools/msys2/21caed2f81ec917b
-- Fixing pkgconfig file: C:/Users/y.canera/vcpkg/packages/opengl_x64-windows/debug/lib/pkgconfig/glu.pc
-- Fixing pkgconfig file: C:/Users/y.canera/vcpkg/packages/opengl_x64-windows/debug/lib/pkgconfig/opengl.pc
-- Installing: C:/Users/y.canera/vcpkg/packages/opengl_x64-windows/share/opengl/usage
-- Performing post-build validation
Stored binaries in 1 destinations in 26.4 ms.
Elapsed time to handle opengl:x64-windows: 41 s
opengl:x64-windows package ABI: a9fa03ab692854aa9b73eadc3fe10e36852e2fca0b8bbef4857ed1994928dae8
Installing 4/16 stb:x64-windows@2024-07-29#1...
Building stb:x64-windows@2024-07-29#1...
C:\Users\y.canera\AppData\Local\vcpkg\registries\git-trees\c362152d1d02973e7b1ce777960f8a6876656560: info: installing overlay port from here
Downloading nothings-stb-f75e8d1cad7d90d72ef7a4661f1b994ef78b4e31.tar.gz
Successfully downloaded nothings-stb-f75e8d1cad7d90d72ef7a4661f1b994ef78b4e31.tar.gz.
-- Extracting source C:/Users/y.canera/vcpkg/downloads/nothings-stb-f75e8d1cad7d90d72ef7a4661f1b994ef78b4e31.tar.gz
-- Using source at C:/Users/y.canera/vcpkg/buildtrees/stb/src/4ef78b4e31-bf024d35de.clean
-- Installing: C:/Users/y.canera/vcpkg/packages/stb_x64-windows/share/stb/FindStb.cmake
-- Installing: C:/Users/y.canera/vcpkg/packages/stb_x64-windows/share/stb/vcpkg-cmake-wrapper.cmake
-- Installing: C:/Users/y.canera/vcpkg/packages/stb_x64-windows/share/stb/usage
-- Installing: C:/Users/y.canera/vcpkg/packages/stb_x64-windows/share/stb/copyright
-- Performing post-build validation
Stored binaries in 1 destinations in 60.6 ms.
Elapsed time to handle stb:x64-windows: 1.7 s
stb:x64-windows package ABI: 2249ca168d3073517508df4f00e1b0d7c6bc292d637ad322d19c92ff130dc7ca
Installing 5/16 vcpkg-cmake:x64-windows@2024-04-23...
Building vcpkg-cmake:x64-windows@2024-04-23...
C:\Users\y.canera\AppData\Local\vcpkg\registries\git-trees\e74aa1e8f93278a8e71372f1fa08c3df420eb840: info: installing overlay port from here
-- Installing: C:/Users/y.canera/vcpkg/packages/vcpkg-cmake_x64-windows/share/vcpkg-cmake/vcpkg_cmake_configure.cmake
-- Installing: C:/Users/y.canera/vcpkg/packages/vcpkg-cmake_x64-windows/share/vcpkg-cmake/vcpkg_cmake_build.cmake
-- Installing: C:/Users/y.canera/vcpkg/packages/vcpkg-cmake_x64-windows/share/vcpkg-cmake/vcpkg_cmake_install.cmake
-- Installing: C:/Users/y.canera/vcpkg/packages/vcpkg-cmake_x64-windows/share/vcpkg-cmake/vcpkg-port-config.cmake
-- Installing: C:/Users/y.canera/vcpkg/packages/vcpkg-cmake_x64-windows/share/vcpkg-cmake/copyright
-- Performing post-build validation
Stored binaries in 1 destinations in 22.7 ms.
Elapsed time to handle vcpkg-cmake:x64-windows: 69.9 ms
vcpkg-cmake:x64-windows package ABI: 0bfe731297689b33d81860cde38ad4946c4cb218d6ab10c5a72bbb5d60dd1675
Installing 6/16 zlib:x64-windows@1.3.1...
Building zlib:x64-windows@1.3.1...
C:\Users\y.canera\AppData\Local\vcpkg\registries\git-trees\3f05e04b9aededb96786a911a16193cdb711f0c9: info: installing overlay port from here
Downloading madler-zlib-v1.3.1.tar.gz
Successfully downloaded madler-zlib-v1.3.1.tar.gz.
-- Extracting source C:/Users/y.canera/vcpkg/downloads/madler-zlib-v1.3.1.tar.gz
-- Applying patch 0001-Prevent-invalid-inclusions-when-HAVE_-is-set-to-0.patch
-- Applying patch 0002-build-static-or-shared-not-both.patch
-- Applying patch 0003-android-and-mingw-fixes.patch
-- Using source at C:/Users/y.canera/vcpkg/buildtrees/zlib/src/v1.3.1-2e5db616bf.clean
-- Found external ninja('1.12.1').
-- Configuring x64-windows
-- Building x64-windows-dbg
-- Building x64-windows-rel
-- Installing: C:/Users/y.canera/vcpkg/packages/zlib_x64-windows/share/zlib/vcpkg-cmake-wrapper.cmake
-- Fixing pkgconfig file: C:/Users/y.canera/vcpkg/packages/zlib_x64-windows/lib/pkgconfig/zlib.pc
-- Using cached msys2-mingw-w64-x86_64-pkgconf-1~2.3.0-1-any.pkg.tar.zst.
-- Using cached msys2-msys2-runtime-3.5.4-2-x86_64.pkg.tar.zst.
-- Using msys root at C:/Users/y.canera/vcpkg/downloads/tools/msys2/21caed2f81ec917b
-- Fixing pkgconfig file: C:/Users/y.canera/vcpkg/packages/zlib_x64-windows/debug/lib/pkgconfig/zlib.pc
-- Installing: C:/Users/y.canera/vcpkg/packages/zlib_x64-windows/share/zlib/copyright
-- Performing post-build validation
Stored binaries in 1 destinations in 86.7 ms.
Elapsed time to handle zlib:x64-windows: 6.7 s
zlib:x64-windows package ABI: c651003a15acc71ba39e1122335d807ab45a7e5eaee41200f086b481fa011b1d
Installing 7/16 vcpkg-cmake-config:x64-windows@2024-05-23...
Building vcpkg-cmake-config:x64-windows@2024-05-23...
C:\Users\y.canera\AppData\Local\vcpkg\registries\git-trees\97a63e4bc1a17422ffe4eff71da53b4b561a7841: info: installing overlay port from here
-- Installing: C:/Users/y.canera/vcpkg/packages/vcpkg-cmake-config_x64-windows/share/vcpkg-cmake-config/vcpkg_cmake_config_fixup.cmake
-- Installing: C:/Users/y.canera/vcpkg/packages/vcpkg-cmake-config_x64-windows/share/vcpkg-cmake-config/vcpkg-port-config.cmake
-- Installing: C:/Users/y.canera/vcpkg/packages/vcpkg-cmake-config_x64-windows/share/vcpkg-cmake-config/copyright
-- Skipping post-build validation due to VCPKG_POLICY_EMPTY_PACKAGE
Stored binaries in 1 destinations in 27.5 ms.
Elapsed time to handle vcpkg-cmake-config:x64-windows: 64.3 ms
vcpkg-cmake-config:x64-windows package ABI: 91feb2a2d4a7374e147fe6e1d6ce99a369a70e2861c4bd01d2faa6832a2ef0c5
Installing 8/16 libpng:x64-windows@1.6.44...
Building libpng:x64-windows@1.6.44...
C:\Users\y.canera\AppData\Local\vcpkg\registries\git-trees\bda480fe3c3cef1113fe8bfdecda127a5b3b2a77: info: installing overlay port from here
Downloading glennrp-libpng-v1.6.44.tar.gz
Successfully downloaded glennrp-libpng-v1.6.44.tar.gz.
-- Extracting source C:/Users/y.canera/vcpkg/downloads/glennrp-libpng-v1.6.44.tar.gz
-- Applying patch cmake.patch
-- Applying patch libm.patch
-- Applying patch pkgconfig.patch
-- Applying patch fix-msa-support-for-mips.patch
-- Applying patch fix-tools-static.patch
-- Using source at C:/Users/y.canera/vcpkg/buildtrees/libpng/src/v1.6.44-58a090cbad.clean
-- Found external ninja('1.12.1').
-- Configuring x64-windows
-- Building x64-windows-dbg
-- Building x64-windows-rel
-- Installing: C:/Users/y.canera/vcpkg/packages/libpng_x64-windows/share/png/vcpkg-cmake-wrapper.cmake
-- Installing: C:/Users/y.canera/vcpkg/packages/libpng_x64-windows/share/libpng/libpng-config.cmake
-- Fixing pkgconfig file: C:/Users/y.canera/vcpkg/packages/libpng_x64-windows/lib/pkgconfig/libpng16.pc
-- Using cached msys2-mingw-w64-x86_64-pkgconf-1~2.3.0-1-any.pkg.tar.zst.
-- Using cached msys2-msys2-runtime-3.5.4-2-x86_64.pkg.tar.zst.
-- Using msys root at C:/Users/y.canera/vcpkg/downloads/tools/msys2/21caed2f81ec917b
-- Fixing pkgconfig file: C:/Users/y.canera/vcpkg/packages/libpng_x64-windows/debug/lib/pkgconfig/libpng16.pc
-- Installing: C:/Users/y.canera/vcpkg/packages/libpng_x64-windows/debug/lib/pkgconfig/libpng.pc
-- Installing: C:/Users/y.canera/vcpkg/packages/libpng_x64-windows/lib/pkgconfig/libpng.pc
-- Installing: C:/Users/y.canera/vcpkg/packages/libpng_x64-windows/share/libpng/usage
-- Installing: C:/Users/y.canera/vcpkg/packages/libpng_x64-windows/share/libpng/copyright
-- Performing post-build validation
Stored binaries in 1 destinations in 118 ms.
Elapsed time to handle libpng:x64-windows: 5.3 s
libpng:x64-windows package ABI: 93474d3678757e66a6cdd8ffb1fbc1f64241871c439ec479b81f7eb6ee402761
Installing 9/16 bzip2[core,tool]:x64-windows@1.0.8#6...
Building bzip2[core,tool]:x64-windows@1.0.8#6...
C:\Users\y.canera\AppData\Local\vcpkg\registries\git-trees\2d029da682847c5ebdc54e4dbea001331a02207e: info: installing overlay port from here
Downloading bzip2-1.0.8.tar.gz
Successfully downloaded bzip2-1.0.8.tar.gz.
-- Extracting source C:/Users/y.canera/vcpkg/downloads/bzip2-1.0.8.tar.gz
-- Applying patch fix-import-export-macros.patch
-- Using source at C:/Users/y.canera/vcpkg/buildtrees/bzip2/src/bzip2-1-336d4794a3.clean
-- Found external ninja('1.12.1').
-- Configuring x64-windows
-- Building x64-windows-dbg
-- Building x64-windows-rel
-- Fixing pkgconfig file: C:/Users/y.canera/vcpkg/packages/bzip2_x64-windows/lib/pkgconfig/bzip2.pc
-- Using cached msys2-mingw-w64-x86_64-pkgconf-1~2.3.0-1-any.pkg.tar.zst.
-- Using cached msys2-msys2-runtime-3.5.4-2-x86_64.pkg.tar.zst.
-- Using msys root at C:/Users/y.canera/vcpkg/downloads/tools/msys2/21caed2f81ec917b
-- Fixing pkgconfig file: C:/Users/y.canera/vcpkg/packages/bzip2_x64-windows/debug/lib/pkgconfig/bzip2.pc
-- Installing: C:/Users/y.canera/vcpkg/packages/bzip2_x64-windows/share/bzip2/copyright
-- Performing post-build validation
Stored binaries in 1 destinations in 100 ms.
Elapsed time to handle bzip2:x64-windows: 5.3 s
bzip2:x64-windows package ABI: 760d9c027844d34027cb6df922b3d723f5524cd95a053a9a03f7403038145bd6
Installing 10/16 brotli:x64-windows@1.1.0#1...
Building brotli:x64-windows@1.1.0#1...
C:\Users\y.canera\AppData\Local\vcpkg\registries\git-trees\4e5b5ae1ad26c80535c893cc0307121f0398549e: info: installing overlay port from here
Downloading google-brotli-v1.1.0.tar.gz
Successfully downloaded google-brotli-v1.1.0.tar.gz.
-- Extracting source C:/Users/y.canera/vcpkg/downloads/google-brotli-v1.1.0.tar.gz
-- Applying patch install.patch
-- Applying patch fix-arm-uwp.patch
-- Applying patch pkgconfig.patch
-- Applying patch emscripten.patch
-- Using source at C:/Users/y.canera/vcpkg/buildtrees/brotli/src/v1.1.0-958bece74c.clean
-- Found external ninja('1.12.1').
-- Configuring x64-windows
-- Building x64-windows-dbg
-- Building x64-windows-rel
-- Fixing pkgconfig file: C:/Users/y.canera/vcpkg/packages/brotli_x64-windows/lib/pkgconfig/libbrotlicommon.pc
-- Fixing pkgconfig file: C:/Users/y.canera/vcpkg/packages/brotli_x64-windows/lib/pkgconfig/libbrotlidec.pc
-- Fixing pkgconfig file: C:/Users/y.canera/vcpkg/packages/brotli_x64-windows/lib/pkgconfig/libbrotlienc.pc
-- Using cached msys2-mingw-w64-x86_64-pkgconf-1~2.3.0-1-any.pkg.tar.zst.
-- Using cached msys2-msys2-runtime-3.5.4-2-x86_64.pkg.tar.zst.
-- Using msys root at C:/Users/y.canera/vcpkg/downloads/tools/msys2/21caed2f81ec917b
-- Fixing pkgconfig file: C:/Users/y.canera/vcpkg/packages/brotli_x64-windows/debug/lib/pkgconfig/libbrotlicommon.pc
-- Fixing pkgconfig file: C:/Users/y.canera/vcpkg/packages/brotli_x64-windows/debug/lib/pkgconfig/libbrotlidec.pc
-- Fixing pkgconfig file: C:/Users/y.canera/vcpkg/packages/brotli_x64-windows/debug/lib/pkgconfig/libbrotlienc.pc
-- Installing: C:/Users/y.canera/vcpkg/packages/brotli_x64-windows/share/brotli/usage
-- Installing: C:/Users/y.canera/vcpkg/packages/brotli_x64-windows/share/brotli/copyright
-- Performing post-build validation
Stored binaries in 1 destinations in 326 ms.
Elapsed time to handle brotli:x64-windows: 8.7 s
brotli:x64-windows package ABI: ee9ed87361066cca6485d68c239a71a6e45918391b03721951778d75ce86dbd8
Installing 11/16 freetype[brotli,bzip2,core,png,zlib]:x64-windows@2.13.3...
Building freetype[brotli,bzip2,core,png,zlib]:x64-windows@2.13.3...
C:\Users\y.canera\AppData\Local\vcpkg\registries\git-trees\8a2c633dcc14eaabdb31cf4637242f4e3c2f3fa2: info: installing overlay port from here
Downloading freetype-freetype-VER-2-13-3.tar.gz
Successfully downloaded freetype-freetype-VER-2-13-3.tar.gz.
-- Extracting source C:/Users/y.canera/vcpkg/downloads/freetype-freetype-VER-2-13-3.tar.gz
-- Applying patch 0003-Fix-UWP.patch
-- Applying patch brotli-static.patch
-- Applying patch bzip2.patch
-- Applying patch fix-exports.patch
-- Using source at C:/Users/y.canera/vcpkg/buildtrees/freetype/src/VER-2-13-3-8b423a038b.clean
-- Found external ninja('1.12.1').
-- Configuring x64-windows
-- Building x64-windows-dbg
-- Building x64-windows-rel
-- Fixing pkgconfig file: C:/Users/y.canera/vcpkg/packages/freetype_x64-windows/lib/pkgconfig/freetype2.pc
-- Using cached msys2-mingw-w64-x86_64-pkgconf-1~2.3.0-1-any.pkg.tar.zst.
-- Using cached msys2-msys2-runtime-3.5.4-2-x86_64.pkg.tar.zst.
-- Using msys root at C:/Users/y.canera/vcpkg/downloads/tools/msys2/21caed2f81ec917b
-- Fixing pkgconfig file: C:/Users/y.canera/vcpkg/packages/freetype_x64-windows/debug/lib/pkgconfig/freetype2.pc
-- Installing: C:/Users/y.canera/vcpkg/packages/freetype_x64-windows/share/freetype/usage
-- Performing post-build validation
Stored binaries in 1 destinations in 252 ms.
Elapsed time to handle freetype:x64-windows: 7.6 s
freetype:x64-windows package ABI: bfd9480f162efcbb91a15efc7925c32169a059aa46da1b0cff5d04a3d4ce52b9
Installing 12/16 openal-soft:x64-windows@1.24.1...
Building openal-soft:x64-windows@1.24.1...
C:\Users\y.canera\AppData\Local\vcpkg\registries\git-trees\a204aed6d6c40cb7978806f705a7bde193b275e6: info: installing overlay port from here
Downloading kcat-openal-soft-1.24.1.tar.gz
Successfully downloaded kcat-openal-soft-1.24.1.tar.gz.
-- Extracting source C:/Users/y.canera/vcpkg/downloads/kcat-openal-soft-1.24.1.tar.gz
-- Using source at C:/Users/y.canera/vcpkg/buildtrees/openal-soft/src/1.24.1-dd514aebad.clean
-- Found external ninja('1.12.1').
-- Configuring x64-windows
-- Building x64-windows-dbg
-- Building x64-windows-rel
-- Fixing pkgconfig file: C:/Users/y.canera/vcpkg/packages/openal-soft_x64-windows/lib/pkgconfig/openal.pc
-- Using cached msys2-mingw-w64-x86_64-pkgconf-1~2.3.0-1-any.pkg.tar.zst.
-- Using cached msys2-msys2-runtime-3.5.4-2-x86_64.pkg.tar.zst.
-- Using msys root at C:/Users/y.canera/vcpkg/downloads/tools/msys2/21caed2f81ec917b
-- Fixing pkgconfig file: C:/Users/y.canera/vcpkg/packages/openal-soft_x64-windows/debug/lib/pkgconfig/openal.pc
-- Installing: C:/Users/y.canera/vcpkg/packages/openal-soft_x64-windows/share/openal-soft/copyright
-- Performing post-build validation
Stored binaries in 1 destinations in 1.8 s.
Elapsed time to handle openal-soft:x64-windows: 29 s
openal-soft:x64-windows package ABI: 006b414558f43c9c88dee8fa66617bee35064560e6785a04e70fc4d08d9c2dc9
Installing 13/16 libogg:x64-windows@1.3.5#1...
Building libogg:x64-windows@1.3.5#1...
C:\Users\y.canera\AppData\Local\vcpkg\registries\git-trees\98e27727c32704393494d32615c25b7b16eb3067: info: installing overlay port from here
Downloading xiph-ogg-v1.3.5.tar.gz
Successfully downloaded xiph-ogg-v1.3.5.tar.gz.
-- Extracting source C:/Users/y.canera/vcpkg/downloads/xiph-ogg-v1.3.5.tar.gz
-- Using source at C:/Users/y.canera/vcpkg/buildtrees/libogg/src/v1.3.5-1a4243fef9.clean
-- Found external ninja('1.12.1').
-- Configuring x64-windows
-- Building x64-windows-dbg
-- Building x64-windows-rel
-- Fixing pkgconfig file: C:/Users/y.canera/vcpkg/packages/libogg_x64-windows/lib/pkgconfig/ogg.pc
-- Using cached msys2-mingw-w64-x86_64-pkgconf-1~2.3.0-1-any.pkg.tar.zst.
-- Using cached msys2-msys2-runtime-3.5.4-2-x86_64.pkg.tar.zst.
-- Using msys root at C:/Users/y.canera/vcpkg/downloads/tools/msys2/21caed2f81ec917b
-- Fixing pkgconfig file: C:/Users/y.canera/vcpkg/packages/libogg_x64-windows/debug/lib/pkgconfig/ogg.pc
-- Installing: C:/Users/y.canera/vcpkg/packages/libogg_x64-windows/share/libogg/copyright
-- Performing post-build validation
Stored binaries in 1 destinations in 76 ms.
Elapsed time to handle libogg:x64-windows: 9.4 s
libogg:x64-windows package ABI: a6b7b542a71558bf587c70bbfd853785962c6e0493706cb9ec7466a9da35b572
Installing 14/16 libvorbis:x64-windows@1.3.7#3...
Building libvorbis:x64-windows@1.3.7#3...
C:\Users\y.canera\AppData\Local\vcpkg\registries\git-trees\23d11198ff2df7a3af54f1c4645ef71a141f2a85: info: installing overlay port from here
Downloading xiph-vorbis-v1.3.7.tar.gz
Successfully downloaded xiph-vorbis-v1.3.7.tar.gz.
-- Extracting source C:/Users/y.canera/vcpkg/downloads/xiph-vorbis-v1.3.7.tar.gz
-- Applying patch 0001-Dont-export-vorbisenc-functions.patch
-- Applying patch 0002-Fixup-pkgconfig-libs.patch
-- Applying patch 0003-def-mingw-compat.patch
-- Applying patch 0004-ogg-find-dependency.patch
-- Using source at C:/Users/y.canera/vcpkg/buildtrees/libvorbis/src/v1.3.7-c32164610e.clean
-- Found external ninja('1.12.1').
-- Configuring x64-windows
-- Building x64-windows-dbg
-- Building x64-windows-rel
-- Fixing pkgconfig file: C:/Users/y.canera/vcpkg/packages/libvorbis_x64-windows/lib/pkgconfig/vorbis.pc
-- Fixing pkgconfig file: C:/Users/y.canera/vcpkg/packages/libvorbis_x64-windows/lib/pkgconfig/vorbisenc.pc
-- Fixing pkgconfig file: C:/Users/y.canera/vcpkg/packages/libvorbis_x64-windows/lib/pkgconfig/vorbisfile.pc
-- Using cached msys2-mingw-w64-x86_64-pkgconf-1~2.3.0-1-any.pkg.tar.zst.
-- Using cached msys2-msys2-runtime-3.5.4-2-x86_64.pkg.tar.zst.
-- Using msys root at C:/Users/y.canera/vcpkg/downloads/tools/msys2/21caed2f81ec917b
-- Fixing pkgconfig file: C:/Users/y.canera/vcpkg/packages/libvorbis_x64-windows/debug/lib/pkgconfig/vorbis.pc
-- Fixing pkgconfig file: C:/Users/y.canera/vcpkg/packages/libvorbis_x64-windows/debug/lib/pkgconfig/vorbisenc.pc
-- Fixing pkgconfig file: C:/Users/y.canera/vcpkg/packages/libvorbis_x64-windows/debug/lib/pkgconfig/vorbisfile.pc
-- Installing: C:/Users/y.canera/vcpkg/packages/libvorbis_x64-windows/share/libvorbis/usage
-- Installing: C:/Users/y.canera/vcpkg/packages/libvorbis_x64-windows/share/libvorbis/copyright
-- Performing post-build validation
Stored binaries in 1 destinations in 145 ms.
Elapsed time to handle libvorbis:x64-windows: 6.2 s
libvorbis:x64-windows package ABI: 12351c53c7a16162a0aac309166615f6b46b3e91b81d30e5800adbe672722129
Installing 15/16 libflac[core,stack-protector]:x64-windows@1.4.3#2...
Building libflac[core,stack-protector]:x64-windows@1.4.3#2...
C:\Users\y.canera\AppData\Local\vcpkg\registries\git-trees\a92a3397dfb70e6eec94fab7b3665a1288d9f7bd: info: installing overlay port from here
Downloading xiph-flac-1.4.3.tar.gz
Successfully downloaded xiph-flac-1.4.3.tar.gz.
-- Extracting source C:/Users/y.canera/vcpkg/downloads/xiph-flac-1.4.3.tar.gz
-- Applying patch fix-compile-options.patch
-- Using source at C:/Users/y.canera/vcpkg/buildtrees/libflac/src/1.4.3-00043104ae.clean
-- Found external ninja('1.12.1').
-- Configuring x64-windows
-- Building x64-windows-dbg
-- Building x64-windows-rel
-- Fixing pkgconfig file: C:/Users/y.canera/vcpkg/packages/libflac_x64-windows/lib/pkgconfig/flac++.pc
-- Fixing pkgconfig file: C:/Users/y.canera/vcpkg/packages/libflac_x64-windows/lib/pkgconfig/flac.pc
-- Using cached msys2-mingw-w64-x86_64-pkgconf-1~2.3.0-1-any.pkg.tar.zst.
-- Using cached msys2-msys2-runtime-3.5.4-2-x86_64.pkg.tar.zst.
-- Using msys root at C:/Users/y.canera/vcpkg/downloads/tools/msys2/21caed2f81ec917b
-- Fixing pkgconfig file: C:/Users/y.canera/vcpkg/packages/libflac_x64-windows/debug/lib/pkgconfig/flac++.pc
-- Fixing pkgconfig file: C:/Users/y.canera/vcpkg/packages/libflac_x64-windows/debug/lib/pkgconfig/flac.pc
-- Installing: C:/Users/y.canera/vcpkg/packages/libflac_x64-windows/share/libflac/copyright
-- Installing: C:/Users/y.canera/vcpkg/packages/libflac_x64-windows/share/libflac/usage
-- Performing post-build validation
Stored binaries in 1 destinations in 148 ms.
Elapsed time to handle libflac:x64-windows: 11 s
libflac:x64-windows package ABI: 4b17daca0c2e1d44082d65d5f7896bb6d666bb708c34a98844fb152a7d70412c
Installing 16/16 sfml[audio,core,graphics,network,window]:x64-windows@2.6.2...
Building sfml[audio,core,graphics,network,window]:x64-windows@2.6.2...
C:\Users\y.canera\AppData\Local\vcpkg\registries\git-trees\16580cf264c6a8933fb657e425a5866568d4c394: info: installing overlay port from here
Downloading SFML-SFML-2.6.2.tar.gz
Successfully downloaded SFML-SFML-2.6.2.tar.gz.
-- Extracting source C:/Users/y.canera/vcpkg/downloads/SFML-SFML-2.6.2.tar.gz
-- Applying patch fix-dependencies.patch
-- Applying patch fix-dep-openal.patch
-- Using source at C:/Users/y.canera/vcpkg/buildtrees/sfml/src/2.6.2-8c34997038.clean
-- Found external ninja('1.12.1').
-- Configuring x64-windows
-- Building x64-windows-dbg
-- Building x64-windows-rel
-- Using cached msys2-mingw-w64-x86_64-pkgconf-1~2.3.0-1-any.pkg.tar.zst.
-- Using cached msys2-msys2-runtime-3.5.4-2-x86_64.pkg.tar.zst.
-- Using msys root at C:/Users/y.canera/vcpkg/downloads/tools/msys2/21caed2f81ec917b
-- Installing: C:/Users/y.canera/vcpkg/packages/sfml_x64-windows/share/sfml/copyright
-- Performing post-build validation
Stored binaries in 1 destinations in 524 ms.
Elapsed time to handle sfml:x64-windows: 28 s
sfml:x64-windows package ABI: 98382491c66ad77cca89f6a932c1f656e0123f948bf8a631b4d336763dc21eb7
Total install time: 4.2 min
The package sfml provides CMake targets:

    find_package(SFML COMPONENTS system window graphics audio CONFIG REQUIRED)
    target_link_libraries(main PRIVATE sfml-system sfml-network sfml-graphics sfml-window sfml-audio)

    # If you want SFML to provide an implementation of main():
    target_link_libraries(main PRIVATE sfml-main)

