Fetching registry information from https://github.com/microsoft/vcpkg (HEAD)...
Detecting compiler hash for triplet x64-windows...
Compiler found: C:/Program Files/Microsoft Visual Studio/2022/Community/VC/Tools/MSVC/14.42.34433/bin/Hostx64/x64/cl.exe
The following packages will be built and installed:
  * brotli:x64-windows@1.1.0#1 -- C:\Users\y.canera\AppData\Local\vcpkg\registries\git-trees\4e5b5ae1ad26c80535c893cc0307121f0398549e
  * bzip2[core,tool]:x64-windows@1.0.8#6 -- C:\Users\y.canera\AppData\Local\vcpkg\registries\git-trees\2d029da682847c5ebdc54e4dbea001331a02207e
  * egl-registry:x64-windows@2024-01-25 -- C:\Users\y.canera\AppData\Local\vcpkg\registries\git-trees\d883db43133dd223c4ffdbef4193943f6784d43a
  * freetype[brotli,bzip2,core,png,zlib]:x64-windows@2.13.3 -- C:\Users\y.canera\AppData\Local\vcpkg\registries\git-trees\8a2c633dcc14eaabdb31cf4637242f4e3c2f3fa2
  * libflac[core,stack-protector]:x64-windows@1.4.3#2 -- C:\Users\y.canera\AppData\Local\vcpkg\registries\git-trees\a92a3397dfb70e6eec94fab7b3665a1288d9f7bd
  * libogg:x64-windows@1.3.5#1 -- C:\Users\y.canera\AppData\Local\vcpkg\registries\git-trees\98e27727c32704393494d32615c25b7b16eb3067
  * libpng:x64-windows@1.6.44 -- C:\Users\y.canera\AppData\Local\vcpkg\registries\git-trees\bda480fe3c3cef1113fe8bfdecda127a5b3b2a77
  * libvorbis:x64-windows@1.3.7#3 -- C:\Users\y.canera\AppData\Local\vcpkg\registries\git-trees\23d11198ff2df7a3af54f1c4645ef71a141f2a85
  * openal-soft:x64-windows@1.24.1 -- C:\Users\y.canera\AppData\Local\vcpkg\registries\git-trees\a204aed6d6c40cb7978806f705a7bde193b275e6
  * opengl:x64-windows@2022-12-04#3 -- C:\Users\y.canera\AppData\Local\vcpkg\registries\git-trees\c3ae71738f88449ebcd781cef60d9a253fa091d4
  * opengl-registry:x64-windows@2024-02-10#1 -- C:\Users\y.canera\AppData\Local\vcpkg\registries\git-trees\22f7aa58ee78c9f0db904b6251e9265f2be26f9d
    sfml[audio,core,graphics,network,window]:x64-windows@2.6.2 -- C:\Users\y.canera\AppData\Local\vcpkg\registries\git-trees\16580cf264c6a8933fb657e425a5866568d4c394
  * stb:x64-windows@2024-07-29#1 -- C:\Users\y.canera\AppData\Local\vcpkg\registries\git-trees\c362152d1d02973e7b1ce777960f8a6876656560
  * vcpkg-cmake:x64-windows@2024-04-23 -- C:\Users\y.canera\AppData\Local\vcpkg\registries\git-trees\e74aa1e8f93278a8e71372f1fa08c3df420eb840
  * vcpkg-cmake-config:x64-windows@2024-05-23 -- C:\Users\y.canera\AppData\Local\vcpkg\registries\git-trees\97a63e4bc1a17422ffe4eff71da53b4b561a7841
  * zlib:x64-windows@1.3.1 -- C:\Users\y.canera\AppData\Local\vcpkg\registries\git-trees\3f05e04b9aededb96786a911a16193cdb711f0c9
Additional packages (*) will be modified to complete this operation.
Restored 16 package(s) from C:\Users\y.canera\AppData\Local\vcpkg\archives in 370 ms. Use --debug to see more details.
Installing 1/16 egl-registry:x64-windows@2024-01-25...
Elapsed time to handle egl-registry:x64-windows: 4.41 ms
egl-registry:x64-windows package ABI: 4916697a2ec1749c7aacd955e133aecee04e6f0c06a2452af43fbf933c691959
Installing 2/16 opengl-registry:x64-windows@2024-02-10#1...
Elapsed time to handle opengl-registry:x64-windows: 38.9 ms
opengl-registry:x64-windows package ABI: e524db052de91e64a96a3dab51529a0368502e55716a207f5361e4b2b46726e2
Installing 3/16 opengl:x64-windows@2022-12-04#3...
Elapsed time to handle opengl:x64-windows: 4.76 ms
opengl:x64-windows package ABI: a9fa03ab692854aa9b73eadc3fe10e36852e2fca0b8bbef4857ed1994928dae8
Installing 4/16 stb:x64-windows@2024-07-29#1...
Elapsed time to handle stb:x64-windows: 5.15 ms
stb:x64-windows package ABI: 2249ca168d3073517508df4f00e1b0d7c6bc292d637ad322d19c92ff130dc7ca
Installing 5/16 vcpkg-cmake:x64-windows@2024-04-23...
Elapsed time to handle vcpkg-cmake:x64-windows: 5.94 ms
vcpkg-cmake:x64-windows package ABI: 0bfe731297689b33d81860cde38ad4946c4cb218d6ab10c5a72bbb5d60dd1675
Installing 6/16 zlib:x64-windows@1.3.1...
Elapsed time to handle zlib:x64-windows: 4.89 ms
zlib:x64-windows package ABI: c651003a15acc71ba39e1122335d807ab45a7e5eaee41200f086b481fa011b1d
Installing 7/16 vcpkg-cmake-config:x64-windows@2024-05-23...
Elapsed time to handle vcpkg-cmake-config:x64-windows: 2.8 ms
vcpkg-cmake-config:x64-windows package ABI: 91feb2a2d4a7374e147fe6e1d6ce99a369a70e2861c4bd01d2faa6832a2ef0c5
Installing 8/16 libpng:x64-windows@1.6.44...
Elapsed time to handle libpng:x64-windows: 6.82 ms
libpng:x64-windows package ABI: 93474d3678757e66a6cdd8ffb1fbc1f64241871c439ec479b81f7eb6ee402761
Installing 9/16 bzip2[core,tool]:x64-windows@1.0.8#6...
Elapsed time to handle bzip2:x64-windows: 9.64 ms
bzip2:x64-windows package ABI: 760d9c027844d34027cb6df922b3d723f5524cd95a053a9a03f7403038145bd6
Installing 10/16 brotli:x64-windows@1.1.0#1...
Elapsed time to handle brotli:x64-windows: 7.72 ms
brotli:x64-windows package ABI: ee9ed87361066cca6485d68c239a71a6e45918391b03721951778d75ce86dbd8
Installing 11/16 freetype[brotli,bzip2,core,png,zlib]:x64-windows@2.13.3...
Elapsed time to handle freetype:x64-windows: 18.1 ms
freetype:x64-windows package ABI: bfd9480f162efcbb91a15efc7925c32169a059aa46da1b0cff5d04a3d4ce52b9
Installing 12/16 openal-soft:x64-windows@1.24.1...
Elapsed time to handle openal-soft:x64-windows: 5.95 ms
openal-soft:x64-windows package ABI: 006b414558f43c9c88dee8fa66617bee35064560e6785a04e70fc4d08d9c2dc9
Installing 13/16 libogg:x64-windows@1.3.5#1...
Elapsed time to handle libogg:x64-windows: 5.29 ms
libogg:x64-windows package ABI: a6b7b542a71558bf587c70bbfd853785962c6e0493706cb9ec7466a9da35b572
Installing 14/16 libvorbis:x64-windows@1.3.7#3...
Elapsed time to handle libvorbis:x64-windows: 10.3 ms
libvorbis:x64-windows package ABI: 12351c53c7a16162a0aac309166615f6b46b3e91b81d30e5800adbe672722129
Installing 15/16 libflac[core,stack-protector]:x64-windows@1.4.3#2...
Elapsed time to handle libflac:x64-windows: 8.54 ms
libflac:x64-windows package ABI: 4b17daca0c2e1d44082d65d5f7896bb6d666bb708c34a98844fb152a7d70412c
Installing 16/16 sfml[audio,core,graphics,network,window]:x64-windows@2.6.2...
Elapsed time to handle sfml:x64-windows: 28.4 ms
sfml:x64-windows package ABI: 98382491c66ad77cca89f6a932c1f656e0123f948bf8a631b4d336763dc21eb7
Total install time: 168 ms
The package sfml provides CMake targets:

    find_package(SFML COMPONENTS system window graphics audio CONFIG REQUIRED)
    target_link_libraries(main PRIVATE sfml-system sfml-network sfml-graphics sfml-window sfml-audio)

    # If you want SFML to provide an implementation of main():
    target_link_libraries(main PRIVATE sfml-main)

